TN:
SF:src/api/EarnedApi.ts
FN:7,(anonymous_0)
FNF:1
FNH:1
FNDA:2,(anonymous_0)
DA:3,5
DA:7,5
DA:8,2
DA:9,2
DA:10,1
DA:12,2
LF:6
LH:6
BRDA:9,0,0,1
BRDA:9,0,1,1
BRF:2
BRH:2
end_of_record
TN:
SF:src/auth/actions/checkAuth.action.ts
FN:4,(anonymous_0)
FNF:1
FNH:1
FNDA:3,(anonymous_0)
DA:4,4
DA:5,3
DA:6,3
DA:8,2
DA:9,2
DA:10,1
DA:11,1
DA:13,1
DA:14,1
LF:9
LH:9
BRDA:6,0,0,1
BRDA:6,0,1,2
BRF:2
BRH:2
end_of_record
TN:
SF:src/auth/actions/login.action.ts
FN:4,(anonymous_0)
FNF:1
FNH:1
FNDA:2,(anonymous_0)
DA:4,4
DA:8,2
DA:9,2
DA:14,1
DA:16,1
DA:17,1
LF:6
LH:6
BRF:0
BRH:0
end_of_record
TN:
SF:src/auth/actions/register.action.ts
FN:4,(anonymous_0)
FNF:1
FNH:1
FNDA:2,(anonymous_0)
DA:4,4
DA:9,2
DA:10,2
DA:15,1
DA:17,1
DA:18,1
LF:6
LH:6
BRF:0
BRH:0
end_of_record
TN:
SF:src/auth/store/auth.store.ts
FN:21,(anonymous_0)
FN:25,(anonymous_1)
FN:38,(anonymous_2)
FN:50,(anonymous_3)
FN:54,(anonymous_4)
FNF:5
FNH:5
FNDA:4,(anonymous_0)
FNDA:2,(anonymous_1)
FNDA:2,(anonymous_2)
FNDA:2,(anonymous_3)
FNDA:2,(anonymous_4)
DA:21,4
DA:26,2
DA:27,2
DA:28,2
DA:29,1
DA:30,1
DA:31,1
DA:33,1
DA:34,1
DA:35,1
DA:39,2
DA:40,2
DA:41,1
DA:42,1
DA:43,1
DA:45,1
DA:46,1
DA:47,1
DA:51,2
DA:52,2
DA:55,2
DA:56,2
DA:57,1
DA:58,1
DA:60,1
DA:61,1
LF:26
LH:26
BRF:0
BRH:0
end_of_record
TN:
SF:src/components/routes/ProtectedRoutes.tsx
FN:7,(anonymous_0)
FN:15,(anonymous_1)
FNF:2
FNH:2
FNDA:3,(anonymous_0)
FNDA:3,(anonymous_1)
DA:7,3
DA:8,3
DA:9,3
DA:10,2
DA:15,3
DA:16,3
DA:17,3
DA:18,2
LF:8
LH:8
BRDA:9,0,0,1
BRDA:9,0,1,2
BRDA:10,1,0,1
BRDA:10,1,1,1
BRDA:10,2,0,1
BRDA:10,2,1,0
BRDA:17,3,0,1
BRDA:17,3,1,2
BRDA:18,4,0,1
BRDA:18,4,1,1
BRDA:18,5,0,1
BRDA:18,5,1,0
BRF:12
BRH:10
end_of_record
TN:
SF:src/hooks/use-mobile.ts
FN:5,useIsMobile
FN:8,(anonymous_1)
FN:10,(anonymous_2)
FN:14,(anonymous_3)
FNF:4
FNH:4
FNDA:7,useIsMobile
FNDA:3,(anonymous_1)
FNDA:1,(anonymous_2)
FNDA:3,(anonymous_3)
DA:3,1
DA:5,7
DA:6,7
DA:8,7
DA:9,3
DA:10,3
DA:11,1
DA:13,3
DA:14,3
DA:15,3
DA:16,7
LF:11
LH:11
BRDA:6,0,0,3
BRDA:6,0,1,4
BRF:2
BRH:2
end_of_record
TN:
SF:src/lib/utils.ts
FN:4,cn
FN:8,(anonymous_1)
FN:18,(anonymous_2)
FN:23,(anonymous_3)
FNF:4
FNH:4
FNDA:165,cn
FNDA:115,(anonymous_1)
FNDA:8,(anonymous_2)
FNDA:19,(anonymous_3)
DA:5,165
DA:8,11
DA:9,115
DA:11,105
DA:13,115
DA:15,101
DA:18,11
DA:19,8
DA:20,8
DA:23,11
DA:24,19
DA:26,19
DA:28,17
LF:13
LH:13
BRDA:9,0,0,10
BRDA:9,0,1,105
BRDA:11,1,0,91
BRDA:11,1,1,14
BRDA:13,2,0,4
BRDA:13,2,1,111
BRDA:26,3,0,2
BRDA:26,3,1,17
BRF:8
BRH:8
end_of_record
TN:
SF:src/project/actions/activitiesList.action.ts
FN:5,(anonymous_0)
FNF:1
FNH:1
FNDA:3,(anonymous_0)
DA:5,1
DA:8,3
DA:10,2
DA:11,2
DA:15,1
DA:20,1
DA:21,1
LF:7
LH:7
BRDA:8,0,0,1
BRDA:8,0,1,2
BRF:2
BRH:2
end_of_record
TN:
SF:src/project/actions/createOrUpdateActivity.action.ts
FN:9,(anonymous_0)
FNF:1
FNH:1
FNDA:3,(anonymous_0)
DA:9,1
DA:24,3
DA:26,3
DA:27,3
DA:28,3
DA:30,3
DA:31,1
DA:34,2
DA:55,2
LF:9
LH:9
BRDA:30,0,0,1
BRDA:30,0,1,2
BRDA:30,1,0,3
BRDA:30,1,1,2
BRDA:35,2,0,1
BRDA:35,2,1,1
BRDA:38,3,0,1
BRDA:38,3,1,1
BRF:8
BRH:8
end_of_record
TN:
SF:src/project/actions/createOrUpdateProject.action.ts
FN:7,(anonymous_0)
FNF:1
FNH:1
FNDA:2,(anonymous_0)
DA:7,1
DA:10,2
DA:12,2
DA:14,2
DA:27,2
LF:5
LH:5
BRDA:15,0,0,1
BRDA:15,0,1,1
BRDA:16,1,0,1
BRDA:16,1,1,1
BRF:4
BRH:4
end_of_record
TN:
SF:src/project/actions/deleteActivity.action.ts
FN:4,(anonymous_0)
FNF:1
FNH:1
FNDA:3,(anonymous_0)
DA:4,1
DA:7,3
DA:8,2
DA:9,2
DA:12,1
DA:14,1
DA:15,1
LF:7
LH:7
BRDA:7,0,0,1
BRDA:7,0,1,2
BRF:2
BRH:2
end_of_record
TN:
SF:src/project/actions/deteleProject.action.ts
FN:3,(anonymous_0)
FNF:1
FNH:1
FNDA:3,(anonymous_0)
DA:3,1
DA:4,3
DA:6,2
DA:7,2
DA:8,1
DA:10,1
DA:11,1
LF:7
LH:7
BRDA:4,0,0,1
BRDA:4,0,1,2
BRF:2
BRH:2
end_of_record
TN:
SF:src/project/actions/getActivityById.action.ts
FN:5,(anonymous_0)
FNF:1
FNH:1
FNDA:4,(anonymous_0)
DA:5,1
DA:8,4
DA:10,3
DA:12,2
DA:13,2
DA:16,1
DA:18,1
DA:19,1
LF:8
LH:8
BRDA:8,0,0,1
BRDA:8,0,1,3
BRDA:10,1,0,1
BRDA:10,1,1,2
BRF:4
BRH:4
end_of_record
TN:
SF:src/project/actions/getProjectById.action.ts
FN:4,(anonymous_0)
FNF:1
FNH:1
FNDA:4,(anonymous_0)
DA:4,1
DA:5,4
DA:7,3
DA:8,1
DA:19,2
DA:20,2
DA:21,1
DA:23,1
DA:24,1
LF:9
LH:9
BRDA:5,0,0,1
BRDA:5,0,1,3
BRDA:7,1,0,1
BRDA:7,1,1,2
BRF:4
BRH:4
end_of_record
TN:
SF:src/project/actions/projectList.action.ts
FN:4,(anonymous_0)
FNF:1
FNH:1
FNDA:2,(anonymous_0)
DA:4,1
DA:5,2
DA:6,2
DA:7,1
DA:9,1
DA:10,1
LF:6
LH:6
BRF:0
BRH:0
end_of_record
TN:
SF:src/project/components/ActivityGrid.tsx
FN:11,(anonymous_0)
FN:16,(anonymous_1)
FN:26,(anonymous_2)
FNF:3
FNH:3
FNDA:3,(anonymous_0)
FNDA:2,(anonymous_1)
FNDA:3,(anonymous_2)
DA:11,3
DA:12,3
DA:13,3
DA:14,3
DA:16,3
DA:17,2
DA:18,3
DA:22,3
DA:26,3
DA:27,3
DA:31,3
DA:35,3
LF:12
LH:12
BRDA:12,0,0,3
BRDA:12,0,1,0
BRDA:14,1,0,3
BRDA:14,1,1,0
BRDA:18,2,0,3
BRDA:18,2,1,0
BRDA:18,3,0,3
BRDA:18,3,1,0
BRDA:18,4,0,3
BRDA:18,4,1,0
BRDA:31,5,0,3
BRDA:31,5,1,0
BRF:12
BRH:6
end_of_record
TN:
SF:src/project/components/AppSidebar.tsx
FN:23,(anonymous_0)
FN:47,(anonymous_1)
FNF:2
FNH:2
FNDA:2,(anonymous_0)
FNDA:2,(anonymous_1)
DA:15,1
DA:23,2
DA:24,2
DA:27,2
DA:28,2
DA:32,2
DA:40,2
DA:44,2
DA:47,2
DA:48,2
DA:58,2
DA:63,2
LF:12
LH:12
BRDA:24,0,0,2
BRDA:24,0,1,0
BRDA:32,1,0,2
BRDA:32,1,1,0
BRDA:40,2,0,2
BRDA:40,2,1,0
BRDA:44,3,0,2
BRDA:44,3,1,0
BRDA:58,4,0,2
BRDA:58,4,1,0
BRF:10
BRH:5
end_of_record
TN:
SF:src/project/components/CustomCard.tsx
FN:30,(anonymous_0)
FN:40,(anonymous_1)
FN:45,(anonymous_2)
FN:51,(anonymous_3)
FN:111,(anonymous_4)
FN:122,(anonymous_5)
FN:129,(anonymous_6)
FN:140,(anonymous_7)
FNF:8
FNH:7
FNDA:14,(anonymous_0)
FNDA:3,(anonymous_1)
FNDA:1,(anonymous_2)
FNDA:1,(anonymous_3)
FNDA:1,(anonymous_4)
FNDA:2,(anonymous_5)
FNDA:1,(anonymous_6)
FNDA:0,(anonymous_7)
DA:30,14
DA:31,14
DA:32,14
DA:33,14
DA:34,14
DA:35,14
DA:36,14
DA:37,14
DA:38,14
DA:40,14
DA:41,3
DA:42,3
DA:43,14
DA:45,14
DA:46,1
DA:47,1
DA:48,1
DA:49,14
DA:51,14
DA:52,1
DA:53,1
DA:54,6
DA:57,14
DA:58,8
DA:60,14
DA:61,8
DA:62,14
DA:68,14
DA:70,14
DA:71,8
DA:72,14
DA:73,8
DA:75,8
DA:90,14
DA:92,14
DA:93,14
DA:94,14
DA:95,6
DA:96,14
DA:99,14
DA:100,8
DA:101,8
DA:111,1
DA:115,6
DA:116,8
DA:118,8
DA:119,14
DA:120,6
DA:121,8
DA:122,14
DA:123,2
DA:124,1
DA:127,1
DA:128,14
DA:129,14
DA:130,14
DA:133,14
DA:134,6
DA:136,9
DA:139,14
DA:140,14
DA:142,14
DA:144,13
DA:151,14
DA:152,14
LF:65
LH:65
BRDA:35,0,0,14
BRDA:35,0,1,2
BRDA:36,1,0,8
BRDA:36,1,1,6
BRDA:38,2,0,8
BRDA:38,2,1,6
BRDA:43,3,0,8
BRDA:43,3,1,6
BRDA:49,4,0,8
BRDA:49,4,1,6
BRDA:60,5,0,5
BRDA:60,5,1,9
BRDA:60,6,0,8
BRDA:60,6,1,6
BRDA:60,7,0,8
BRDA:60,7,1,6
BRDA:62,8,0,8
BRDA:62,8,1,6
BRDA:68,9,0,8
BRDA:68,9,1,6
BRDA:68,10,0,14
BRDA:68,10,1,6
BRDA:70,11,0,8
BRDA:70,11,1,6
BRDA:72,12,0,8
BRDA:72,12,1,6
BRDA:72,13,0,14
BRDA:72,13,1,6
BRDA:72,13,2,6
BRDA:75,14,0,8
BRDA:75,14,1,4
BRDA:90,15,0,8
BRDA:90,15,1,6
BRDA:92,16,0,8
BRDA:92,16,1,6
BRDA:92,17,0,8
BRDA:92,17,1,6
BRDA:92,18,0,14
BRDA:92,18,1,6
BRDA:93,19,0,8
BRDA:93,19,1,6
BRDA:93,20,0,14
BRDA:93,20,1,6
BRDA:94,21,0,8
BRDA:94,21,1,6
BRDA:94,22,0,14
BRDA:94,22,1,6
BRDA:96,23,0,8
BRDA:96,23,1,6
BRDA:96,24,0,14
BRDA:96,24,1,6
BRDA:96,24,2,6
BRDA:101,25,0,4
BRDA:101,25,1,4
BRDA:111,26,0,1
BRDA:111,26,1,1
BRDA:119,27,0,8
BRDA:119,27,1,6
BRDA:119,28,0,8
BRDA:119,28,1,6
BRDA:119,29,0,14
BRDA:119,29,1,6
BRDA:122,30,0,5
BRDA:122,30,1,9
BRDA:122,31,0,8
BRDA:122,31,1,6
BRDA:122,32,0,14
BRDA:122,32,1,6
BRDA:122,32,2,6
BRDA:123,33,0,1
BRDA:123,33,1,1
BRDA:128,34,0,8
BRDA:128,34,1,6
BRDA:128,35,0,14
BRDA:128,35,1,6
BRDA:129,36,0,5
BRDA:129,36,1,9
BRDA:129,37,0,8
BRDA:129,37,1,6
BRDA:129,38,0,8
BRDA:129,38,1,6
BRDA:129,39,0,8
BRDA:129,39,1,6
BRDA:129,40,0,14
BRDA:129,40,1,6
BRDA:130,41,0,8
BRDA:130,41,1,6
BRDA:130,42,0,14
BRDA:130,42,1,6
BRDA:133,43,0,8
BRDA:133,43,1,6
BRDA:133,44,0,14
BRDA:133,44,1,6
BRDA:139,45,0,5
BRDA:139,45,1,9
BRDA:139,46,0,8
BRDA:139,46,1,6
BRDA:140,47,0,9
BRDA:140,47,1,5
BRDA:140,48,0,14
BRDA:140,48,1,6
BRDA:140,48,2,5
BRDA:140,48,3,5
BRDA:142,49,0,13
BRDA:142,49,1,1
BRDA:142,50,0,14
BRDA:142,50,1,6
BRDA:142,50,2,1
BRDA:142,50,3,1
BRDA:144,51,0,13
BRDA:144,51,1,9
BRDA:144,51,2,9
BRDA:151,52,0,14
BRDA:151,52,1,0
BRDA:151,53,0,14
BRDA:151,53,1,6
BRDA:151,53,2,5
BRF:117
BRH:116
end_of_record
TN:
SF:src/project/components/CustomerHeader.tsx
FN:8,(anonymous_0)
FNF:1
FNH:1
FNDA:5,(anonymous_0)
DA:8,5
DA:9,5
DA:11,5
DA:12,5
DA:16,5
DA:20,5
DA:24,5
DA:38,5
DA:41,5
LF:9
LH:9
BRDA:9,0,0,4
BRDA:9,0,1,1
BRDA:12,1,0,5
BRDA:12,1,1,0
BRDA:16,2,0,5
BRDA:16,2,1,2
BRDA:20,3,0,5
BRDA:20,3,1,0
BRDA:20,4,0,5
BRDA:20,4,1,0
BRDA:24,5,0,2
BRDA:24,5,1,3
BRDA:38,6,0,5
BRDA:38,6,1,0
BRDA:38,7,0,5
BRDA:38,7,1,0
BRF:16
BRH:11
end_of_record
TN:
SF:src/project/components/CustomerModelActivity.tsx
FN:24,(anonymous_0)
FN:49,(anonymous_1)
FN:58,(anonymous_2)
FN:59,(anonymous_3)
FN:88,(anonymous_4)
FN:24,_temp
FNF:6
FNH:6
FNDA:6,(anonymous_0)
FNDA:6,(anonymous_1)
FNDA:2,(anonymous_2)
FNDA:1,(anonymous_3)
FNDA:1,(anonymous_4)
FNDA:1,_temp
DA:24,6
DA:30,6
DA:31,6
DA:33,6
DA:36,6
DA:39,6
DA:41,6
DA:44,6
DA:46,6
DA:47,6
DA:49,6
DA:50,6
DA:51,6
DA:52,6
DA:53,6
DA:55,6
DA:56,6
DA:58,6
DA:59,2
DA:61,1
DA:73,1
DA:76,1
DA:77,1
DA:85,6
DA:88,6
DA:89,6
DA:90,6
DA:91,6
DA:92,6
DA:94,6
DA:95,6
DA:97,6
DA:98,6
DA:99,6
DA:101,6
DA:115,6
DA:116,6
DA:117,6
LF:38
LH:38
BRDA:30,0,0,6
BRDA:30,0,1,0
BRDA:30,1,0,6
BRDA:30,1,1,0
BRDA:31,2,0,6
BRDA:31,2,1,2
BRDA:31,3,0,6
BRDA:31,3,1,0
BRDA:39,4,0,6
BRDA:39,4,1,1
BRDA:39,5,0,6
BRDA:39,5,1,0
BRDA:47,6,0,6
BRDA:47,6,1,0
BRDA:47,7,0,6
BRDA:47,7,1,0
BRDA:47,7,2,0
BRDA:50,8,0,0
BRDA:50,8,1,6
BRDA:53,9,0,6
BRDA:53,9,1,0
BRDA:53,10,0,6
BRDA:53,10,1,0
BRDA:53,10,2,0
BRDA:53,10,3,0
BRDA:53,10,4,0
BRDA:56,11,0,6
BRDA:56,11,1,1
BRDA:56,12,0,6
BRDA:56,12,1,0
BRDA:56,13,0,6
BRDA:56,13,1,0
BRDA:85,14,0,6
BRDA:85,14,1,0
BRDA:88,15,0,1
BRDA:88,15,1,1
BRDA:88,16,0,6
BRDA:88,16,1,0
BRDA:92,17,0,6
BRDA:92,17,1,0
BRDA:94,18,0,6
BRDA:94,18,1,0
BRDA:97,19,0,6
BRDA:97,19,1,0
BRDA:97,20,0,6
BRDA:97,20,1,0
BRDA:97,21,0,6
BRDA:97,21,1,0
BRDA:98,22,0,6
BRDA:98,22,1,0
BRDA:98,23,0,6
BRDA:98,23,1,0
BRDA:99,24,0,6
BRDA:99,24,1,0
BRDA:99,25,0,6
BRDA:99,25,1,0
BRDA:99,25,2,0
BRDA:99,25,3,0
BRDA:99,25,4,0
BRDA:101,26,0,1
BRDA:101,26,1,5
BRDA:115,27,0,6
BRDA:115,27,1,0
BRDA:115,28,0,6
BRDA:115,28,1,0
BRDA:116,29,0,6
BRDA:116,29,1,0
BRDA:116,30,0,6
BRDA:116,30,1,0
BRDA:116,30,2,0
BRF:70
BRH:36
end_of_record
TN:
SF:src/project/components/ProjectGrid.tsx
FN:9,(anonymous_0)
FN:16,(anonymous_1)
FNF:2
FNH:2
FNDA:1,(anonymous_0)
FNDA:2,(anonymous_1)
DA:9,1
DA:12,1
DA:16,1
DA:18,2
DA:22,1
DA:26,1
LF:6
LH:6
BRDA:9,0,0,1
BRDA:9,0,1,0
BRDA:9,1,0,1
BRDA:9,1,1,0
BRDA:9,2,0,1
BRDA:9,2,1,0
BRDA:22,3,0,1
BRDA:22,3,1,0
BRF:8
BRH:4
end_of_record
TN:
SF:src/project/hooks/useActivity.tsx
FN:9,(anonymous_0)
FN:11,(anonymous_1)
FN:24,(anonymous_2)
FN:34,(anonymous_3)
FN:41,(anonymous_4)
FN:42,(anonymous_5)
FN:54,(anonymous_6)
FN:57,(anonymous_7)
FNF:8
FNH:8
FNDA:2,(anonymous_0)
FNDA:1,(anonymous_1)
FNDA:7,(anonymous_2)
FNDA:3,(anonymous_3)
FNDA:1,(anonymous_4)
FNDA:1,(anonymous_5)
FNDA:1,(anonymous_6)
FNDA:1,(anonymous_7)
DA:9,2
DA:10,2
DA:12,1
DA:15,2
DA:24,7
DA:29,7
DA:30,7
DA:32,7
DA:33,5
DA:34,7
DA:38,7
DA:40,7
DA:41,7
DA:42,5
DA:43,1
DA:44,1
DA:45,7
DA:46,7
DA:48,7
DA:51,7
DA:54,1
DA:55,1
DA:56,1
DA:59,1
DA:61,1
DA:63,1
LF:26
LH:26
BRDA:9,0,0,1
BRDA:9,0,1,1
BRDA:30,1,0,7
BRDA:30,1,1,6
BRDA:30,1,2,6
BRDA:30,1,3,5
BRDA:30,2,0,5
BRDA:30,2,1,2
BRDA:34,3,0,5
BRDA:34,3,1,2
BRDA:34,4,0,7
BRDA:34,4,1,2
BRDA:34,4,2,2
BRDA:38,5,0,5
BRDA:38,5,1,2
BRDA:41,6,0,5
BRDA:41,6,1,2
BRDA:41,7,0,7
BRDA:41,7,1,2
BRDA:41,7,2,2
BRDA:45,8,0,5
BRDA:45,8,1,2
BRDA:45,9,0,7
BRDA:45,9,1,2
BRDA:46,10,0,7
BRDA:46,10,1,0
BRDA:46,11,0,7
BRDA:46,11,1,0
BRDA:55,12,0,1
BRDA:55,12,1,0
BRDA:55,13,0,1
BRDA:55,13,1,0
BRDA:61,14,0,1
BRDA:61,14,1,0
BRF:34
BRH:29
end_of_record
TN:
SF:src/project/hooks/useProject.tsx
FN:8,(anonymous_0)
FN:18,(anonymous_1)
FN:24,(anonymous_2)
FN:32,(anonymous_3)
FN:47,(anonymous_4)
FN:50,(anonymous_5)
FNF:6
FNH:6
FNDA:2,(anonymous_0)
FNDA:4,(anonymous_1)
FNDA:3,(anonymous_2)
FNDA:1,(anonymous_3)
FNDA:1,(anonymous_4)
FNDA:1,(anonymous_5)
DA:8,2
DA:9,1
DA:15,2
DA:18,4
DA:20,4
DA:22,4
DA:23,2
DA:24,3
DA:27,4
DA:28,4
DA:31,4
DA:34,1
DA:35,1
DA:36,1
DA:38,4
DA:40,4
DA:43,4
DA:47,1
DA:48,1
DA:49,1
DA:52,1
DA:53,1
DA:55,1
DA:57,1
DA:59,1
LF:25
LH:25
BRDA:8,0,0,1
BRDA:8,0,1,1
BRDA:20,1,0,2
BRDA:20,1,1,2
BRDA:27,2,0,2
BRDA:27,2,1,2
BRDA:27,3,0,4
BRDA:27,3,1,2
BRDA:27,3,2,2
BRDA:28,4,0,2
BRDA:28,4,1,2
BRDA:28,5,0,4
BRDA:28,5,1,2
BRDA:38,6,0,4
BRDA:38,6,1,0
BRDA:38,7,0,4
BRDA:38,7,1,0
BRDA:48,8,0,1
BRDA:48,8,1,0
BRDA:55,9,0,1
BRDA:55,9,1,0
BRF:21
BRH:17
end_of_record
TN:
SF:src/project/hooks/useProjectMetric.tsx
FN:31,(anonymous_0)
FN:36,(anonymous_1)
FNF:2
FNH:2
FNDA:8,(anonymous_0)
FNDA:3,(anonymous_1)
DA:11,1
DA:24,1
DA:31,8
DA:32,8
DA:34,8
DA:35,5
DA:36,8
DA:40,8
DA:42,8
DA:45,8
DA:47,8
DA:51,8
DA:53,1
DA:57,8
DA:59,8
DA:65,8
LF:16
LH:16
BRDA:32,0,0,8
BRDA:32,0,1,7
BRDA:32,1,0,5
BRDA:32,1,1,3
BRDA:36,2,0,5
BRDA:36,2,1,3
BRDA:36,3,0,8
BRDA:36,3,1,3
BRDA:36,3,2,3
BRDA:40,4,0,7
BRDA:40,4,1,1
BRDA:42,5,0,7
BRDA:42,5,1,5
BRDA:42,6,0,7
BRDA:42,6,1,1
BRDA:45,7,0,1
BRDA:45,7,1,6
BRDA:47,8,0,7
BRDA:47,8,1,1
BRDA:51,9,0,1
BRDA:51,9,1,6
BRDA:57,10,0,8
BRDA:57,10,1,6
BRDA:57,10,2,3
BRDA:57,10,3,2
BRDA:57,11,0,8
BRDA:57,11,1,0
BRDA:57,12,0,8
BRDA:57,12,1,2
BRDA:57,12,2,1
BRDA:57,12,3,0
BRDA:57,12,4,0
BRF:32
BRH:29
end_of_record
TN:
SF:src/project/utils/activity.utils.ts
FN:5,(anonymous_0)
FN:10,(anonymous_1)
FN:11,(anonymous_2)
FN:26,(anonymous_3)
FN:29,(anonymous_4)
FN:33,(anonymous_5)
FN:41,(anonymous_6)
FN:49,(anonymous_7)
FN:88,(anonymous_8)
FN:108,(anonymous_9)
FN:131,(anonymous_10)
FN:158,(anonymous_11)
FNF:12
FNH:12
FNDA:34,(anonymous_0)
FNDA:4,(anonymous_1)
FNDA:4,(anonymous_2)
FNDA:3,(anonymous_3)
FNDA:3,(anonymous_4)
FNDA:3,(anonymous_5)
FNDA:3,(anonymous_6)
FNDA:3,(anonymous_7)
FNDA:3,(anonymous_8)
FNDA:4,(anonymous_9)
FNDA:4,(anonymous_10)
FNDA:19,(anonymous_11)
DA:5,6
DA:6,34
DA:7,34
DA:10,6
DA:11,4
DA:12,4
DA:26,6
DA:29,3
DA:30,3
DA:33,3
DA:35,3
DA:41,3
DA:43,3
DA:49,3
DA:50,3
DA:54,3
DA:55,3
DA:56,3
DA:57,3
DA:59,3
DA:60,3
DA:62,3
DA:88,6
DA:89,3
DA:108,6
DA:109,4
DA:110,4
DA:112,4
DA:131,6
DA:135,4
DA:141,3
DA:144,1
DA:158,19
LF:33
LH:33
BRDA:7,0,0,33
BRDA:7,0,1,1
BRDA:56,1,0,2
BRDA:56,1,1,1
BRDA:57,2,0,2
BRDA:57,2,1,1
BRDA:59,3,0,2
BRDA:59,3,1,1
BRDA:113,4,0,4
BRDA:113,4,1,0
BRDA:114,5,0,4
BRDA:114,5,1,0
BRDA:115,6,0,4
BRDA:115,6,1,1
BRDA:117,7,0,1
BRDA:117,7,1,3
BRDA:117,8,0,4
BRDA:117,8,1,1
BRDA:121,9,0,1
BRDA:121,9,1,3
BRDA:121,10,0,4
BRDA:121,10,1,1
BRDA:124,11,0,4
BRDA:124,11,1,0
BRDA:125,12,0,4
BRDA:125,12,1,0
BRDA:126,13,0,1
BRDA:126,13,1,3
BRDA:126,14,0,3
BRDA:126,14,1,0
BRDA:127,15,0,1
BRDA:127,15,1,3
BRDA:127,16,0,3
BRDA:127,16,1,0
BRDA:135,17,0,3
BRDA:135,17,1,1
BRDA:136,18,0,4
BRDA:136,18,1,3
BRDA:136,18,2,2
BRDA:136,18,3,2
BRDA:151,19,0,1
BRDA:151,19,1,0
BRDA:152,20,0,4
BRDA:152,20,1,0
BRDA:160,21,0,19
BRDA:160,21,1,4
BRDA:161,22,0,19
BRDA:161,22,1,3
BRDA:162,23,0,19
BRDA:162,23,1,0
BRDA:163,24,0,19
BRDA:163,24,1,0
BRDA:164,25,0,19
BRDA:164,25,1,5
BRDA:165,26,0,19
BRDA:165,26,1,5
BRDA:166,27,0,19
BRDA:166,27,1,5
BRDA:167,28,0,19
BRDA:167,28,1,5
BRF:60
BRH:50
end_of_record
TN:
SF:src/type/activities.type.ts
FNF:0
FNH:0
LF:0
LH:0
BRF:0
BRH:0
end_of_record
TN:
SF:src/type/constants.type.ts
FNF:0
FNH:0
DA:1,3
DA:11,3
LF:2
LH:2
BRF:0
BRH:0
end_of_record
TN:
SF:src/type/projects.type.ts
FNF:0
FNH:0
LF:0
LH:0
BRF:0
BRH:0
end_of_record
