{"/Users/santi/Desktop/Proyect trycore/EarnedValue-Backend/src/controller/activities.controller.ts": {"path":"/Users/santi/Desktop/Proyect trycore/EarnedValue-Backend/src/controller/activities.controller.ts","statementMap":{"0":{"start":{"line":2,"column":0},"end":{"line":2,"column":46}},"1":{"start":{"line":3,"column":0},"end":{"line":3,"column":60}},"2":{"start":{"line":5,"column":31},"end":{"line":33,"column":1}},"3":{"start":{"line":6,"column":2},"end":{"line":32,"column":3}},"4":{"start":{"line":7,"column":18},"end":{"line":7,"column":34}},"5":{"start":{"line":8,"column":29},"end":{"line":8,"column":32}},"6":{"start":{"line":10,"column":25},"end":{"line":17,"column":6}},"7":{"start":{"line":19,"column":4},"end":{"line":19,"column":24}},"8":{"start":{"line":21,"column":4},"end":{"line":25,"column":7}},"9":{"start":{"line":27,"column":4},"end":{"line":27,"column":25}},"10":{"start":{"line":28,"column":4},"end":{"line":31,"column":7}},"11":{"start":{"line":5,"column":13},"end":{"line":5,"column":31}},"12":{"start":{"line":35,"column":29},"end":{"line":84,"column":1}},"13":{"start":{"line":36,"column":2},"end":{"line":83,"column":3}},"14":{"start":{"line":37,"column":29},"end":{"line":37,"column":32}},"15":{"start":{"line":38,"column":18},"end":{"line":38,"column":34}},"16":{"start":{"line":39,"column":19},"end":{"line":39,"column":25}},"17":{"start":{"line":41,"column":29},"end":{"line":45,"column":6}},"18":{"start":{"line":47,"column":4},"end":{"line":52,"column":5}},"19":{"start":{"line":48,"column":6},"end":{"line":51,"column":9}},"20":{"start":{"line":54,"column":4},"end":{"line":66,"column":6}},"21":{"start":{"line":68,"column":28},"end":{"line":70,"column":6}},"22":{"start":{"line":72,"column":4},"end":{"line":76,"column":7}},"23":{"start":{"line":78,"column":4},"end":{"line":78,"column":25}},"24":{"start":{"line":79,"column":4},"end":{"line":82,"column":7}},"25":{"start":{"line":35,"column":13},"end":{"line":35,"column":29}},"26":{"start":{"line":86,"column":30},"end":{"line":113,"column":1}},"27":{"start":{"line":87,"column":2},"end":{"line":112,"column":3}},"28":{"start":{"line":88,"column":23},"end":{"line":88,"column":26}},"29":{"start":{"line":89,"column":27},"end":{"line":89,"column":33}},"30":{"start":{"line":91,"column":23},"end":{"line":93,"column":6}},"31":{"start":{"line":95,"column":4},"end":{"line":100,"column":5}},"32":{"start":{"line":96,"column":6},"end":{"line":99,"column":9}},"33":{"start":{"line":102,"column":4},"end":{"line":105,"column":7}},"34":{"start":{"line":107,"column":4},"end":{"line":107,"column":25}},"35":{"start":{"line":108,"column":4},"end":{"line":111,"column":7}},"36":{"start":{"line":86,"column":13},"end":{"line":86,"column":30}},"37":{"start":{"line":115,"column":30},"end":{"line":139,"column":1}},"38":{"start":{"line":116,"column":2},"end":{"line":138,"column":3}},"39":{"start":{"line":117,"column":19},"end":{"line":117,"column":29}},"40":{"start":{"line":119,"column":21},"end":{"line":119,"column":75}},"41":{"start":{"line":121,"column":4},"end":{"line":126,"column":5}},"42":{"start":{"line":122,"column":6},"end":{"line":125,"column":9}},"43":{"start":{"line":128,"column":4},"end":{"line":131,"column":7}},"44":{"start":{"line":133,"column":4},"end":{"line":133,"column":25}},"45":{"start":{"line":134,"column":4},"end":{"line":137,"column":7}},"46":{"start":{"line":115,"column":13},"end":{"line":115,"column":30}},"47":{"start":{"line":141,"column":31},"end":{"line":172,"column":1}},"48":{"start":{"line":142,"column":2},"end":{"line":171,"column":3}},"49":{"start":{"line":143,"column":19},"end":{"line":143,"column":29}},"50":{"start":{"line":145,"column":21},"end":{"line":149,"column":6}},"51":{"start":{"line":151,"column":4},"end":{"line":156,"column":5}},"52":{"start":{"line":152,"column":6},"end":{"line":155,"column":9}},"53":{"start":{"line":158,"column":4},"end":{"line":158,"column":53}},"54":{"start":{"line":159,"column":4},"end":{"line":159,"column":29}},"55":{"start":{"line":161,"column":4},"end":{"line":164,"column":7}},"56":{"start":{"line":166,"column":4},"end":{"line":166,"column":25}},"57":{"start":{"line":167,"column":4},"end":{"line":170,"column":7}},"58":{"start":{"line":141,"column":13},"end":{"line":141,"column":31}}},"fnMap":{"0":{"name":"(anonymous_0)","decl":{"start":{"line":5,"column":31},"end":{"line":5,"column":36}},"loc":{"start":{"line":5,"column":69},"end":{"line":33,"column":1}}},"1":{"name":"(anonymous_1)","decl":{"start":{"line":35,"column":29},"end":{"line":35,"column":34}},"loc":{"start":{"line":35,"column":67},"end":{"line":84,"column":1}}},"2":{"name":"(anonymous_2)","decl":{"start":{"line":86,"column":30},"end":{"line":86,"column":35}},"loc":{"start":{"line":86,"column":68},"end":{"line":113,"column":1}}},"3":{"name":"(anonymous_3)","decl":{"start":{"line":115,"column":30},"end":{"line":115,"column":35}},"loc":{"start":{"line":115,"column":68},"end":{"line":139,"column":1}}},"4":{"name":"(anonymous_4)","decl":{"start":{"line":141,"column":31},"end":{"line":141,"column":36}},"loc":{"start":{"line":141,"column":69},"end":{"line":172,"column":1}}}},"branchMap":{"0":{"loc":{"start":{"line":12,"column":17},"end":{"line":12,"column":91}},"type":"cond-expr","locations":[{"start":{"line":12,"column":42},"end":{"line":12,"column":74}},{"start":{"line":12,"column":77},"end":{"line":12,"column":91}}]},"1":{"loc":{"start":{"line":13,"column":15},"end":{"line":13,"column":83}},"type":"cond-expr","locations":[{"start":{"line":13,"column":38},"end":{"line":13,"column":68}},{"start":{"line":13,"column":71},"end":{"line":13,"column":83}}]},"2":{"loc":{"start":{"line":47,"column":4},"end":{"line":52,"column":5}},"type":"if","locations":[{"start":{"line":47,"column":4},"end":{"line":52,"column":5}},{"start":{},"end":{}}]},"3":{"loc":{"start":{"line":57,"column":19},"end":{"line":57,"column":93}},"type":"cond-expr","locations":[{"start":{"line":57,"column":44},"end":{"line":57,"column":76}},{"start":{"line":57,"column":79},"end":{"line":57,"column":93}}]},"4":{"loc":{"start":{"line":58,"column":17},"end":{"line":58,"column":85}},"type":"cond-expr","locations":[{"start":{"line":58,"column":40},"end":{"line":58,"column":70}},{"start":{"line":58,"column":73},"end":{"line":58,"column":85}}]},"5":{"loc":{"start":{"line":95,"column":4},"end":{"line":100,"column":5}},"type":"if","locations":[{"start":{"line":95,"column":4},"end":{"line":100,"column":5}},{"start":{},"end":{}}]},"6":{"loc":{"start":{"line":121,"column":4},"end":{"line":126,"column":5}},"type":"if","locations":[{"start":{"line":121,"column":4},"end":{"line":126,"column":5}},{"start":{},"end":{}}]},"7":{"loc":{"start":{"line":151,"column":4},"end":{"line":156,"column":5}},"type":"if","locations":[{"start":{"line":151,"column":4},"end":{"line":156,"column":5}},{"start":{},"end":{}}]}},"s":{"0":1,"1":1,"2":1,"3":3,"4":3,"5":3,"6":3,"7":2,"8":2,"9":1,"10":1,"11":1,"12":1,"13":3,"14":3,"15":3,"16":3,"17":3,"18":2,"19":1,"20":1,"21":1,"22":1,"23":1,"24":1,"25":1,"26":1,"27":3,"28":3,"29":3,"30":3,"31":2,"32":1,"33":1,"34":1,"35":1,"36":1,"37":1,"38":3,"39":3,"40":3,"41":2,"42":1,"43":1,"44":1,"45":1,"46":1,"47":1,"48":3,"49":3,"50":3,"51":2,"52":1,"53":1,"54":1,"55":1,"56":1,"57":1,"58":1},"f":{"0":3,"1":3,"2":3,"3":3,"4":3},"b":{"0":[1,2],"1":[1,2],"2":[1,1],"3":[1,0],"4":[0,1],"5":[1,1],"6":[1,1],"7":[1,1]}}
,"/Users/santi/Desktop/Proyect trycore/EarnedValue-Backend/src/controller/auth.controller.ts": {"path":"/Users/santi/Desktop/Proyect trycore/EarnedValue-Backend/src/controller/auth.controller.ts","statementMap":{"0":{"start":{"line":2,"column":0},"end":{"line":2,"column":33}},"1":{"start":{"line":3,"column":0},"end":{"line":3,"column":42}},"2":{"start":{"line":4,"column":0},"end":{"line":4,"column":33}},"3":{"start":{"line":6,"column":25},"end":{"line":47,"column":1}},"4":{"start":{"line":7,"column":2},"end":{"line":46,"column":3}},"5":{"start":{"line":8,"column":32},"end":{"line":8,"column":40}},"6":{"start":{"line":9,"column":17},"end":{"line":11,"column":6}},"7":{"start":{"line":13,"column":4},"end":{"line":18,"column":5}},"8":{"start":{"line":14,"column":6},"end":{"line":17,"column":9}},"9":{"start":{"line":20,"column":37},"end":{"line":22,"column":null}},"10":{"start":{"line":25,"column":4},"end":{"line":30,"column":5}},"11":{"start":{"line":26,"column":6},"end":{"line":29,"column":9}},"12":{"start":{"line":32,"column":26},"end":{"line":32,"column":56}},"13":{"start":{"line":33,"column":41},"end":{"line":33,"column":54}},"14":{"start":{"line":35,"column":4},"end":{"line":39,"column":7}},"15":{"start":{"line":41,"column":4},"end":{"line":41,"column":25}},"16":{"start":{"line":42,"column":4},"end":{"line":45,"column":7}},"17":{"start":{"line":6,"column":13},"end":{"line":6,"column":25}},"18":{"start":{"line":49,"column":28},"end":{"line":87,"column":1}},"19":{"start":{"line":50,"column":2},"end":{"line":86,"column":3}},"20":{"start":{"line":51,"column":21},"end":{"line":51,"column":24}},"21":{"start":{"line":53,"column":25},"end":{"line":53,"column":77}},"22":{"start":{"line":55,"column":4},"end":{"line":60,"column":5}},"23":{"start":{"line":56,"column":6},"end":{"line":59,"column":9}},"24":{"start":{"line":62,"column":38},"end":{"line":64,"column":null}},"25":{"start":{"line":67,"column":4},"end":{"line":67,"column":38}},"26":{"start":{"line":69,"column":20},"end":{"line":69,"column":43}},"27":{"start":{"line":70,"column":4},"end":{"line":70,"column":19}},"28":{"start":{"line":72,"column":57},"end":{"line":72,"column":73}},"29":{"start":{"line":73,"column":26},"end":{"line":73,"column":51}},"30":{"start":{"line":75,"column":4},"end":{"line":79,"column":7}},"31":{"start":{"line":81,"column":4},"end":{"line":81,"column":25}},"32":{"start":{"line":82,"column":4},"end":{"line":85,"column":7}},"33":{"start":{"line":49,"column":13},"end":{"line":49,"column":28}},"34":{"start":{"line":89,"column":29},"end":{"line":108,"column":1}},"35":{"start":{"line":90,"column":2},"end":{"line":107,"column":3}},"36":{"start":{"line":91,"column":18},"end":{"line":91,"column":34}},"37":{"start":{"line":92,"column":18},"end":{"line":92,"column":34}},"38":{"start":{"line":94,"column":41},"end":{"line":94,"column":54}},"39":{"start":{"line":95,"column":26},"end":{"line":95,"column":57}},"40":{"start":{"line":97,"column":4},"end":{"line":101,"column":7}},"41":{"start":{"line":103,"column":4},"end":{"line":106,"column":7}},"42":{"start":{"line":89,"column":13},"end":{"line":89,"column":29}}},"fnMap":{"0":{"name":"(anonymous_9)","decl":{"start":{"line":6,"column":25},"end":{"line":6,"column":30}},"loc":{"start":{"line":6,"column":63},"end":{"line":47,"column":1}}},"1":{"name":"(anonymous_10)","decl":{"start":{"line":49,"column":28},"end":{"line":49,"column":33}},"loc":{"start":{"line":49,"column":66},"end":{"line":87,"column":1}}},"2":{"name":"(anonymous_11)","decl":{"start":{"line":89,"column":29},"end":{"line":89,"column":30}},"loc":{"start":{"line":89,"column":61},"end":{"line":108,"column":1}}}},"branchMap":{"0":{"loc":{"start":{"line":13,"column":4},"end":{"line":18,"column":5}},"type":"if","locations":[{"start":{"line":13,"column":4},"end":{"line":18,"column":5}},{"start":{},"end":{}}]},"1":{"loc":{"start":{"line":25,"column":4},"end":{"line":30,"column":5}},"type":"if","locations":[{"start":{"line":25,"column":4},"end":{"line":30,"column":5}},{"start":{},"end":{}}]},"2":{"loc":{"start":{"line":55,"column":4},"end":{"line":60,"column":5}},"type":"if","locations":[{"start":{"line":55,"column":4},"end":{"line":60,"column":5}},{"start":{},"end":{}}]}},"s":{"0":1,"1":1,"2":1,"3":1,"4":4,"5":4,"6":4,"7":3,"8":1,"9":2,"10":2,"11":1,"12":1,"13":1,"14":1,"15":1,"16":1,"17":1,"18":1,"19":3,"20":3,"21":3,"22":2,"23":1,"24":1,"25":1,"26":1,"27":1,"28":1,"29":1,"30":1,"31":1,"32":1,"33":1,"34":1,"35":2,"36":2,"37":2,"38":2,"39":1,"40":1,"41":1,"42":1},"f":{"0":4,"1":3,"2":2},"b":{"0":[1,2],"1":[1,1],"2":[1,1]}}
,"/Users/santi/Desktop/Proyect trycore/EarnedValue-Backend/src/controller/project.controller.ts": {"path":"/Users/santi/Desktop/Proyect trycore/EarnedValue-Backend/src/controller/project.controller.ts","statementMap":{"0":{"start":{"line":2,"column":0},"end":{"line":2,"column":36}},"1":{"start":{"line":3,"column":0},"end":{"line":3,"column":60}},"2":{"start":{"line":5,"column":29},"end":{"line":25,"column":1}},"3":{"start":{"line":6,"column":2},"end":{"line":24,"column":3}},"4":{"start":{"line":7,"column":21},"end":{"line":7,"column":24}},"5":{"start":{"line":8,"column":18},"end":{"line":8,"column":34}},"6":{"start":{"line":10,"column":23},"end":{"line":10,"column":71}},"7":{"start":{"line":11,"column":4},"end":{"line":11,"column":22}},"8":{"start":{"line":13,"column":4},"end":{"line":17,"column":7}},"9":{"start":{"line":19,"column":4},"end":{"line":19,"column":25}},"10":{"start":{"line":20,"column":4},"end":{"line":23,"column":7}},"11":{"start":{"line":5,"column":13},"end":{"line":5,"column":29}},"12":{"start":{"line":27,"column":27},"end":{"line":75,"column":1}},"13":{"start":{"line":28,"column":2},"end":{"line":74,"column":3}},"14":{"start":{"line":29,"column":29},"end":{"line":29,"column":32}},"15":{"start":{"line":30,"column":18},"end":{"line":30,"column":34}},"16":{"start":{"line":31,"column":19},"end":{"line":31,"column":25}},"17":{"start":{"line":33,"column":20},"end":{"line":37,"column":6}},"18":{"start":{"line":39,"column":4},"end":{"line":44,"column":5}},"19":{"start":{"line":40,"column":6},"end":{"line":43,"column":9}},"20":{"start":{"line":46,"column":4},"end":{"line":51,"column":5}},"21":{"start":{"line":47,"column":6},"end":{"line":50,"column":9}},"22":{"start":{"line":53,"column":27},"end":{"line":60,"column":null}},"23":{"start":{"line":63,"column":4},"end":{"line":67,"column":7}},"24":{"start":{"line":69,"column":4},"end":{"line":69,"column":25}},"25":{"start":{"line":70,"column":4},"end":{"line":73,"column":7}},"26":{"start":{"line":27,"column":13},"end":{"line":27,"column":27}},"27":{"start":{"line":77,"column":29},"end":{"line":110,"column":1}},"28":{"start":{"line":78,"column":2},"end":{"line":109,"column":3}},"29":{"start":{"line":79,"column":19},"end":{"line":79,"column":29}},"30":{"start":{"line":80,"column":18},"end":{"line":80,"column":34}},"31":{"start":{"line":82,"column":20},"end":{"line":87,"column":6}},"32":{"start":{"line":89,"column":4},"end":{"line":94,"column":5}},"33":{"start":{"line":90,"column":6},"end":{"line":93,"column":9}},"34":{"start":{"line":96,"column":4},"end":{"line":96,"column":52}},"35":{"start":{"line":97,"column":4},"end":{"line":97,"column":28}},"36":{"start":{"line":99,"column":4},"end":{"line":102,"column":7}},"37":{"start":{"line":104,"column":4},"end":{"line":104,"column":25}},"38":{"start":{"line":105,"column":4},"end":{"line":108,"column":7}},"39":{"start":{"line":77,"column":13},"end":{"line":77,"column":29}},"40":{"start":{"line":112,"column":27},"end":{"line":136,"column":1}},"41":{"start":{"line":113,"column":2},"end":{"line":135,"column":3}},"42":{"start":{"line":114,"column":18},"end":{"line":114,"column":34}},"43":{"start":{"line":116,"column":21},"end":{"line":116,"column":44}},"44":{"start":{"line":118,"column":4},"end":{"line":123,"column":5}},"45":{"start":{"line":119,"column":6},"end":{"line":122,"column":9}},"46":{"start":{"line":125,"column":4},"end":{"line":128,"column":7}},"47":{"start":{"line":130,"column":4},"end":{"line":130,"column":25}},"48":{"start":{"line":131,"column":4},"end":{"line":134,"column":7}},"49":{"start":{"line":112,"column":13},"end":{"line":112,"column":27}},"50":{"start":{"line":138,"column":27},"end":{"line":163,"column":1}},"51":{"start":{"line":139,"column":2},"end":{"line":162,"column":3}},"52":{"start":{"line":140,"column":18},"end":{"line":140,"column":34}},"53":{"start":{"line":141,"column":19},"end":{"line":141,"column":29}},"54":{"start":{"line":143,"column":20},"end":{"line":143,"column":60}},"55":{"start":{"line":145,"column":4},"end":{"line":150,"column":5}},"56":{"start":{"line":146,"column":6},"end":{"line":149,"column":9}},"57":{"start":{"line":152,"column":4},"end":{"line":155,"column":7}},"58":{"start":{"line":157,"column":4},"end":{"line":157,"column":25}},"59":{"start":{"line":158,"column":4},"end":{"line":161,"column":7}},"60":{"start":{"line":138,"column":13},"end":{"line":138,"column":27}}},"fnMap":{"0":{"name":"(anonymous_0)","decl":{"start":{"line":5,"column":29},"end":{"line":5,"column":34}},"loc":{"start":{"line":5,"column":67},"end":{"line":25,"column":1}}},"1":{"name":"(anonymous_1)","decl":{"start":{"line":27,"column":27},"end":{"line":27,"column":32}},"loc":{"start":{"line":27,"column":65},"end":{"line":75,"column":1}}},"2":{"name":"(anonymous_2)","decl":{"start":{"line":77,"column":29},"end":{"line":77,"column":34}},"loc":{"start":{"line":77,"column":67},"end":{"line":110,"column":1}}},"3":{"name":"(anonymous_3)","decl":{"start":{"line":112,"column":27},"end":{"line":112,"column":32}},"loc":{"start":{"line":112,"column":65},"end":{"line":136,"column":1}}},"4":{"name":"(anonymous_4)","decl":{"start":{"line":138,"column":27},"end":{"line":138,"column":32}},"loc":{"start":{"line":138,"column":65},"end":{"line":163,"column":1}}}},"branchMap":{"0":{"loc":{"start":{"line":39,"column":4},"end":{"line":44,"column":5}},"type":"if","locations":[{"start":{"line":39,"column":4},"end":{"line":44,"column":5}},{"start":{},"end":{}}]},"1":{"loc":{"start":{"line":46,"column":4},"end":{"line":51,"column":5}},"type":"if","locations":[{"start":{"line":46,"column":4},"end":{"line":51,"column":5}},{"start":{},"end":{}}]},"2":{"loc":{"start":{"line":89,"column":4},"end":{"line":94,"column":5}},"type":"if","locations":[{"start":{"line":89,"column":4},"end":{"line":94,"column":5}},{"start":{},"end":{}}]},"3":{"loc":{"start":{"line":118,"column":4},"end":{"line":123,"column":5}},"type":"if","locations":[{"start":{"line":118,"column":4},"end":{"line":123,"column":5}},{"start":{},"end":{}}]},"4":{"loc":{"start":{"line":145,"column":4},"end":{"line":150,"column":5}},"type":"if","locations":[{"start":{"line":145,"column":4},"end":{"line":150,"column":5}},{"start":{},"end":{}}]}},"s":{"0":1,"1":1,"2":1,"3":2,"4":2,"5":2,"6":2,"7":1,"8":1,"9":1,"10":1,"11":1,"12":1,"13":4,"14":4,"15":4,"16":4,"17":4,"18":3,"19":1,"20":2,"21":1,"22":1,"23":1,"24":1,"25":1,"26":1,"27":1,"28":3,"29":3,"30":3,"31":3,"32":2,"33":1,"34":1,"35":1,"36":1,"37":1,"38":1,"39":1,"40":1,"41":3,"42":3,"43":3,"44":2,"45":1,"46":1,"47":1,"48":1,"49":1,"50":1,"51":3,"52":3,"53":3,"54":3,"55":2,"56":1,"57":1,"58":1,"59":1,"60":1},"f":{"0":2,"1":4,"2":3,"3":3,"4":3},"b":{"0":[1,2],"1":[1,1],"2":[1,1],"3":[1,1],"4":[1,1]}}
,"/Users/santi/Desktop/Proyect trycore/EarnedValue-Backend/src/interfaces/constants.interfaces.ts": {"path":"/Users/santi/Desktop/Proyect trycore/EarnedValue-Backend/src/interfaces/constants.interfaces.ts","statementMap":{"0":{"start":{"line":1,"column":0},"end":{"line":1,"column":null}},"1":{"start":{"line":2,"column":2},"end":{"line":2,"column":null}},"2":{"start":{"line":3,"column":2},"end":{"line":3,"column":null}},"3":{"start":{"line":4,"column":2},"end":{"line":4,"column":null}},"4":{"start":{"line":5,"column":2},"end":{"line":5,"column":null}}},"fnMap":{"0":{"name":"(anonymous_0)","decl":{"start":{"line":1,"column":0},"end":{"line":1,"column":12}},"loc":{"start":{"line":1,"column":18},"end":{"line":6,"column":1}}}},"branchMap":{"0":{"loc":{"start":{"line":1,"column":12},"end":{"line":1,"column":null}},"type":"binary-expr","locations":[{"start":{"line":1,"column":12},"end":{"line":1,"column":18}},{"start":{"line":1,"column":18},"end":{"line":1,"column":null}}]}},"s":{"0":3,"1":3,"2":3,"3":3,"4":3},"f":{"0":3},"b":{"0":[3,3]}}
,"/Users/santi/Desktop/Proyect trycore/EarnedValue-Backend/src/middleware/create_jwt.ts": {"path":"/Users/santi/Desktop/Proyect trycore/EarnedValue-Backend/src/middleware/create_jwt.ts","statementMap":{"0":{"start":{"line":1,"column":0},"end":{"line":1,"column":36}},"1":{"start":{"line":3,"column":25},"end":{"line":14,"column":1}},"2":{"start":{"line":4,"column":51},"end":{"line":7,"column":4}},"3":{"start":{"line":9,"column":24},"end":{"line":11,"column":4}},"4":{"start":{"line":13,"column":2},"end":{"line":13,"column":15}},"5":{"start":{"line":3,"column":13},"end":{"line":3,"column":25}}},"fnMap":{"0":{"name":"(anonymous_0)","decl":{"start":{"line":3,"column":25},"end":{"line":3,"column":26}},"loc":{"start":{"line":3,"column":57},"end":{"line":14,"column":1}}}},"branchMap":{"0":{"loc":{"start":{"line":9,"column":38},"end":{"line":9,"column":68}},"type":"binary-expr","locations":[{"start":{"line":9,"column":38},"end":{"line":9,"column":62}},{"start":{"line":9,"column":66},"end":{"line":9,"column":68}}]}},"s":{"0":1,"1":1,"2":2,"3":2,"4":2,"5":1},"f":{"0":2},"b":{"0":[2,1]}}
,"/Users/santi/Desktop/Proyect trycore/EarnedValue-Backend/src/middleware/validator_jwt.ts": {"path":"/Users/santi/Desktop/Proyect trycore/EarnedValue-Backend/src/middleware/validator_jwt.ts","statementMap":{"0":{"start":{"line":2,"column":0},"end":{"line":2,"column":28}},"1":{"start":{"line":3,"column":0},"end":{"line":3,"column":38}},"2":{"start":{"line":4,"column":0},"end":{"line":4,"column":33}},"3":{"start":{"line":6,"column":28},"end":{"line":49,"column":1}},"4":{"start":{"line":11,"column":2},"end":{"line":48,"column":3}},"5":{"start":{"line":12,"column":23},"end":{"line":12,"column":48}},"6":{"start":{"line":14,"column":4},"end":{"line":19,"column":5}},"7":{"start":{"line":15,"column":6},"end":{"line":18,"column":9}},"8":{"start":{"line":21,"column":18},"end":{"line":21,"column":48}},"9":{"start":{"line":23,"column":20},"end":{"line":23,"column":null}},"10":{"start":{"line":27,"column":21},"end":{"line":27,"column":28}},"11":{"start":{"line":29,"column":17},"end":{"line":29,"column":42}},"12":{"start":{"line":30,"column":4},"end":{"line":35,"column":5}},"13":{"start":{"line":31,"column":6},"end":{"line":34,"column":9}},"14":{"start":{"line":37,"column":5},"end":{"line":37,"column":29}},"15":{"start":{"line":38,"column":5},"end":{"line":38,"column":29}},"16":{"start":{"line":40,"column":4},"end":{"line":40,"column":11}},"17":{"start":{"line":42,"column":4},"end":{"line":42,"column":68}},"18":{"start":{"line":43,"column":4},"end":{"line":43,"column":23}},"19":{"start":{"line":44,"column":4},"end":{"line":47,"column":7}},"20":{"start":{"line":6,"column":13},"end":{"line":6,"column":28}}},"fnMap":{"0":{"name":"(anonymous_1)","decl":{"start":{"line":6,"column":28},"end":{"line":6,"column":33}},"loc":{"start":{"line":10,"column":4},"end":{"line":49,"column":1}}}},"branchMap":{"0":{"loc":{"start":{"line":14,"column":4},"end":{"line":19,"column":5}},"type":"if","locations":[{"start":{"line":14,"column":4},"end":{"line":19,"column":5}},{"start":{},"end":{}}]},"1":{"loc":{"start":{"line":14,"column":8},"end":{"line":14,"column":56}},"type":"binary-expr","locations":[{"start":{"line":14,"column":8},"end":{"line":14,"column":19}},{"start":{"line":14,"column":23},"end":{"line":14,"column":56}}]},"2":{"loc":{"start":{"line":21,"column":18},"end":{"line":21,"column":48}},"type":"binary-expr","locations":[{"start":{"line":21,"column":18},"end":{"line":21,"column":42}},{"start":{"line":21,"column":46},"end":{"line":21,"column":48}}]},"3":{"loc":{"start":{"line":23,"column":34},"end":{"line":23,"column":64}},"type":"binary-expr","locations":[{"start":{"line":23,"column":34},"end":{"line":23,"column":58}},{"start":{"line":23,"column":62},"end":{"line":23,"column":64}}]},"4":{"loc":{"start":{"line":30,"column":4},"end":{"line":35,"column":5}},"type":"if","locations":[{"start":{"line":30,"column":4},"end":{"line":35,"column":5}},{"start":{},"end":{}}]}},"s":{"0":1,"1":1,"2":1,"3":1,"4":5,"5":5,"6":5,"7":2,"8":3,"9":3,"10":2,"11":2,"12":2,"13":1,"14":1,"15":1,"16":1,"17":1,"18":1,"19":1,"20":1},"f":{"0":5},"b":{"0":[2,3],"1":[5,4],"2":[3,0],"3":[3,0],"4":[1,1]}}
}
