TN:
SF:src/controller/activities.controller.ts
FN:5,(anonymous_0)
FN:35,(anonymous_1)
FN:86,(anonymous_2)
FN:115,(anonymous_3)
FN:141,(anonymous_4)
FNF:5
FNH:5
FNDA:3,(anonymous_0)
FNDA:3,(anonymous_1)
FNDA:3,(anonymous_2)
FNDA:3,(anonymous_3)
FNDA:3,(anonymous_4)
DA:2,1
DA:3,1
DA:5,1
DA:6,3
DA:7,3
DA:8,3
DA:10,3
DA:19,2
DA:21,2
DA:27,1
DA:28,1
DA:35,1
DA:36,3
DA:37,3
DA:38,3
DA:39,3
DA:41,3
DA:47,2
DA:48,1
DA:54,1
DA:68,1
DA:72,1
DA:78,1
DA:79,1
DA:86,1
DA:87,3
DA:88,3
DA:89,3
DA:91,3
DA:95,2
DA:96,1
DA:102,1
DA:107,1
DA:108,1
DA:115,1
DA:116,3
DA:117,3
DA:119,3
DA:121,2
DA:122,1
DA:128,1
DA:133,1
DA:134,1
DA:141,1
DA:142,3
DA:143,3
DA:145,3
DA:151,2
DA:152,1
DA:158,1
DA:159,1
DA:161,1
DA:166,1
DA:167,1
LF:54
LH:54
BRDA:12,0,0,1
BRDA:12,0,1,2
BRDA:13,1,0,1
BRDA:13,1,1,2
BRDA:47,2,0,1
BRDA:47,2,1,1
BRDA:57,3,0,1
BRDA:57,3,1,0
BRDA:58,4,0,0
BRDA:58,4,1,1
BRDA:95,5,0,1
BRDA:95,5,1,1
BRDA:121,6,0,1
BRDA:121,6,1,1
BRDA:151,7,0,1
BRDA:151,7,1,1
BRF:16
BRH:14
end_of_record
TN:
SF:src/controller/auth.controller.ts
FN:6,(anonymous_9)
FN:49,(anonymous_10)
FN:89,(anonymous_11)
FNF:3
FNH:3
FNDA:4,(anonymous_9)
FNDA:3,(anonymous_10)
FNDA:2,(anonymous_11)
DA:2,1
DA:3,1
DA:4,1
DA:6,1
DA:7,4
DA:8,4
DA:9,4
DA:13,3
DA:14,1
DA:20,2
DA:25,2
DA:26,1
DA:32,1
DA:33,1
DA:35,1
DA:41,1
DA:42,1
DA:49,1
DA:50,3
DA:51,3
DA:53,3
DA:55,2
DA:56,1
DA:62,1
DA:67,1
DA:69,1
DA:70,1
DA:72,1
DA:73,1
DA:75,1
DA:81,1
DA:82,1
DA:89,1
DA:90,2
DA:91,2
DA:92,2
DA:94,2
DA:95,1
DA:97,1
DA:103,1
LF:40
LH:40
BRDA:13,0,0,1
BRDA:13,0,1,2
BRDA:25,1,0,1
BRDA:25,1,1,1
BRDA:55,2,0,1
BRDA:55,2,1,1
BRF:6
BRH:6
end_of_record
TN:
SF:src/controller/project.controller.ts
FN:5,(anonymous_0)
FN:27,(anonymous_1)
FN:77,(anonymous_2)
FN:112,(anonymous_3)
FN:138,(anonymous_4)
FNF:5
FNH:5
FNDA:2,(anonymous_0)
FNDA:4,(anonymous_1)
FNDA:3,(anonymous_2)
FNDA:3,(anonymous_3)
FNDA:3,(anonymous_4)
DA:2,1
DA:3,1
DA:5,1
DA:6,2
DA:7,2
DA:8,2
DA:10,2
DA:11,1
DA:13,1
DA:19,1
DA:20,1
DA:27,1
DA:28,4
DA:29,4
DA:30,4
DA:31,4
DA:33,4
DA:39,3
DA:40,1
DA:46,2
DA:47,1
DA:53,1
DA:63,1
DA:69,1
DA:70,1
DA:77,1
DA:78,3
DA:79,3
DA:80,3
DA:82,3
DA:89,2
DA:90,1
DA:96,1
DA:97,1
DA:99,1
DA:104,1
DA:105,1
DA:112,1
DA:113,3
DA:114,3
DA:116,3
DA:118,2
DA:119,1
DA:125,1
DA:130,1
DA:131,1
DA:138,1
DA:139,3
DA:140,3
DA:141,3
DA:143,3
DA:145,2
DA:146,1
DA:152,1
DA:157,1
DA:158,1
LF:56
LH:56
BRDA:39,0,0,1
BRDA:39,0,1,2
BRDA:46,1,0,1
BRDA:46,1,1,1
BRDA:89,2,0,1
BRDA:89,2,1,1
BRDA:118,3,0,1
BRDA:118,3,1,1
BRDA:145,4,0,1
BRDA:145,4,1,1
BRF:10
BRH:10
end_of_record
TN:
SF:src/interfaces/constants.interfaces.ts
FN:1,(anonymous_0)
FNF:1
FNH:1
FNDA:3,(anonymous_0)
DA:1,3
DA:2,3
DA:3,3
DA:4,3
DA:5,3
LF:5
LH:5
BRDA:1,0,0,3
BRDA:1,0,1,3
BRF:2
BRH:2
end_of_record
TN:
SF:src/middleware/create_jwt.ts
FN:3,(anonymous_0)
FNF:1
FNH:1
FNDA:2,(anonymous_0)
DA:1,1
DA:3,1
DA:4,2
DA:9,2
DA:13,2
LF:5
LH:5
BRDA:9,0,0,2
BRDA:9,0,1,1
BRF:2
BRH:2
end_of_record
TN:
SF:src/middleware/validator_jwt.ts
FN:6,(anonymous_1)
FNF:1
FNH:1
FNDA:5,(anonymous_1)
DA:2,1
DA:3,1
DA:4,1
DA:6,1
DA:11,5
DA:12,5
DA:14,5
DA:15,2
DA:21,3
DA:23,3
DA:27,2
DA:29,2
DA:30,2
DA:31,1
DA:37,1
DA:38,1
DA:40,1
DA:42,1
DA:43,1
DA:44,1
LF:20
LH:20
BRDA:14,0,0,2
BRDA:14,0,1,3
BRDA:14,1,0,5
BRDA:14,1,1,4
BRDA:21,2,0,3
BRDA:21,2,1,0
BRDA:23,3,0,3
BRDA:23,3,1,0
BRDA:30,4,0,1
BRDA:30,4,1,1
BRF:10
BRH:8
end_of_record
